生成启动时间为 2018/4/9 17:45:14。
     1>项目“D:\gdalDemo1\gdalDemo1\gdalDemo1.vcxproj”在节点 2 上(Build 个目标)。
     1>ClCompile:
         D:\Program Files (x86)\Microsoft Visual Studio 12.0\VC\bin\CL.exe /c /I"C:\gdal-2.2.4\include" /ZI /nologo /W3 /WX- /sdl /Od /Oy- /D WIN32 /D _DEBUG /D _CONSOLE /D _LIB /D _UNICODE /D UNICODE /Gm /EHsc /RTC1 /MDd /GS /fp:precise /Zc:wchar_t /Zc:forScope /Fo"Debug\\" /Fd"Debug\vc120.pdb" /Gd /TP /analyze- /errorReport:prompt shpFileRead.cpp
         shpFileRead.cpp
     1>c:\gdal-2.2.4\include\gdal_priv.h(756): warning C4251: “GDALColorTable::aoEntries”: class“std::vector<GDALColorEntry,std::allocator<_Ty>>”需要有 dll 接口由 class“GDALColorTable”的客户端使用
                 with
                 [
                     _Ty=GDALColorEntry
                 ]
     1>c:\gdal-2.2.4\include\gdal_priv.h(1277): warning C4251: “GDALDriverManager::oMapNameToDrivers”: class“std::map<CPLString,GDALDriver *,std::less<_Kty>,std::allocator<std::pair<const _Kty,_Ty>>>”需要有 dll 接口由 class“GDALDriverManager”的客户端使用
                 with
                 [
                     _Kty=CPLString
         ,            _Ty=GDALDriver *
                 ]
     1>d:\gdaldemo1\gdaldemo1\shpfileread.cpp(11): warning C4101: “bGotMin”: 未引用的局部变量
     1>d:\gdaldemo1\gdaldemo1\shpfileread.cpp(11): warning C4101: “bGotMax”: 未引用的局部变量
     1>d:\gdaldemo1\gdaldemo1\shpfileread.cpp(95): warning C4101: “imgWidth”: 未引用的局部变量
     1>d:\gdaldemo1\gdaldemo1\shpfileread.cpp(97): warning C4101: “s”: 未引用的局部变量
     1>d:\gdaldemo1\gdaldemo1\shpfileread.cpp(138): warning C4101: “bGotMin”: 未引用的局部变量
     1>d:\gdaldemo1\gdaldemo1\shpfileread.cpp(96): warning C4101: “imgHeight”: 未引用的局部变量
     1>d:\gdaldemo1\gdaldemo1\shpfileread.cpp(138): warning C4101: “bGotMax”: 未引用的局部变量
     1>d:\gdaldemo1\gdaldemo1\shpfileread.cpp(137): warning C4101: “nBlockYSize”: 未引用的局部变量
     1>d:\gdaldemo1\gdaldemo1\shpfileread.cpp(137): warning C4101: “nBlockXSize”: 未引用的局部变量
     1>d:\gdaldemo1\gdaldemo1\shpfileread.cpp(97): warning C4101: “m”: 未引用的局部变量
       Link:
         D:\Program Files (x86)\Microsoft Visual Studio 12.0\VC\bin\link.exe /ERRORREPORT:PROMPT /OUT:"D:\gdalDemo1\Debug\gdalDemo1.exe" /INCREMENTAL /NOLOGO /LIBPATH:"C:\gdal-2.2.4\lib" gdal_i.lib kernel32.lib user32.lib gdi32.lib winspool.lib comdlg32.lib advapi32.lib shell32.lib ole32.lib oleaut32.lib uuid.lib odbc32.lib odbccp32.lib /MANIFEST /MANIFESTUAC:"level='asInvoker' uiAccess='false'" /manifest:embed /DEBUG /PDB:"D:\gdalDemo1\Debug\gdalDemo1.pdb" /SUBSYSTEM:CONSOLE /TLBID:1 /DYNAMICBASE /NXCOMPAT /IMPLIB:"D:\gdalDemo1\Debug\gdalDemo1.lib" /MACHINE:X86 Debug\shpFileRead.obj
         gdalDemo1.vcxproj -> D:\gdalDemo1\Debug\gdalDemo1.exe
     1>已完成生成项目“D:\gdalDemo1\gdalDemo1\gdalDemo1.vcxproj”(Build 个目标)的操作。

生成成功。

已用时间 00:00:01.08
